{"/Users/vfernandes/Desktop/untitled folder/base64/base64.js":{"path":"/Users/vfernandes/Desktop/untitled folder/base64/base64.js","s":{"1":1,"2":1,"3":1,"4":26,"5":26,"6":26,"7":1415,"8":26,"9":1415,"10":26,"11":1,"12":1,"13":25,"14":26,"15":1,"16":8,"17":8,"18":8,"19":8,"20":1651,"21":8,"22":1,"23":0,"24":0,"25":0,"26":0,"27":0,"28":0,"29":0,"30":0,"31":0,"32":0,"33":0,"34":1,"35":28,"36":1,"37":28,"38":28,"39":28,"40":28,"41":1595,"42":28,"43":1595,"44":28,"45":23,"46":28,"47":6,"48":28,"49":1,"50":7,"51":7,"52":7,"53":7,"54":1382,"55":7,"56":1,"57":0,"58":0,"59":1,"60":1415,"61":1415,"62":1415,"63":1394,"64":21,"65":6,"66":6,"67":6,"68":6,"69":6,"70":15,"71":15,"72":15,"73":15,"74":21,"75":1,"76":1415,"77":1415,"78":4245,"79":1415,"80":1415,"81":1415,"82":1415,"83":1415,"84":1415,"85":1415,"86":1415,"87":1415,"88":1415,"89":1415,"90":1415,"91":1415,"92":1415,"93":1,"94":1595,"95":1595,"96":6380,"97":1595,"98":1595,"99":1595,"100":1595,"101":1595,"102":1595,"103":1595,"104":1595,"105":1595,"106":1595,"107":1595,"108":1595,"109":1595,"110":1,"111":27,"112":0,"113":27,"114":1,"115":1,"116":1,"117":1,"118":1,"119":360,"120":4,"121":4,"122":4,"123":1,"124":1,"125":1,"126":1,"127":1},"b":{"1":[1,25],"2":[1,27],"3":[23,5],"4":[6,22],"5":[1394,21],"6":[6,15],"7":[1415,1415,1415],"8":[1595,1595,1595],"9":[0,27],"10":[4,356],"11":[360,5],"12":[1,3]},"f":{"1":26,"2":8,"3":0,"4":28,"5":7,"6":0,"7":1415,"8":1415,"9":1595,"10":27,"11":1,"12":1},"fnMap":{"1":{"name":"(anonymous_1)","line":15,"loc":{"start":{"line":15,"column":24},"end":{"line":15,"column":44}}},"2":{"name":"(anonymous_2)","line":45,"loc":{"start":{"line":45,"column":31},"end":{"line":45,"column":49}}},"3":{"name":"(anonymous_3)","line":60,"loc":{"start":{"line":60,"column":28},"end":{"line":60,"column":43}}},"4":{"name":"(anonymous_4)","line":80,"loc":{"start":{"line":80,"column":24},"end":{"line":80,"column":38}}},"5":{"name":"(anonymous_5)","line":114,"loc":{"start":{"line":114,"column":31},"end":{"line":114,"column":49}}},"6":{"name":"(anonymous_6)","line":128,"loc":{"start":{"line":128,"column":30},"end":{"line":128,"column":54}}},"7":{"name":"encodingSystem","line":139,"loc":{"start":{"line":139,"column":0},"end":{"line":139,"column":30}}},"8":{"name":"encodingBlock","line":169,"loc":{"start":{"line":169,"column":0},"end":{"line":169,"column":29}}},"9":{"name":"decodingBlock","line":199,"loc":{"start":{"line":199,"column":0},"end":{"line":199,"column":29}}},"10":{"name":"setCharAt","line":226,"loc":{"start":{"line":226,"column":0},"end":{"line":226,"column":34}}},"11":{"name":"convertToMIME","line":234,"loc":{"start":{"line":234,"column":0},"end":{"line":234,"column":27}}},"12":{"name":"decodeMIME","line":250,"loc":{"start":{"line":250,"column":0},"end":{"line":250,"column":24}}}},"statementMap":{"1":{"start":{"line":8,"column":0},"end":{"line":8,"column":89}},"2":{"start":{"line":10,"column":0},"end":{"line":10,"column":23}},"3":{"start":{"line":15,"column":0},"end":{"line":39,"column":2}},"4":{"start":{"line":18,"column":1},"end":{"line":18,"column":24}},"5":{"start":{"line":20,"column":1},"end":{"line":20,"column":22}},"6":{"start":{"line":21,"column":1},"end":{"line":23,"column":2}},"7":{"start":{"line":22,"column":2},"end":{"line":22,"column":37}},"8":{"start":{"line":25,"column":1},"end":{"line":27,"column":2}},"9":{"start":{"line":26,"column":2},"end":{"line":26,"column":50}},"10":{"start":{"line":30,"column":1},"end":{"line":36,"column":2}},"11":{"start":{"line":32,"column":3},"end":{"line":32,"column":48}},"12":{"start":{"line":33,"column":3},"end":{"line":33,"column":9}},"13":{"start":{"line":35,"column":3},"end":{"line":35,"column":9}},"14":{"start":{"line":38,"column":1},"end":{"line":38,"column":22}},"15":{"start":{"line":45,"column":0},"end":{"line":54,"column":1}},"16":{"start":{"line":46,"column":1},"end":{"line":46,"column":28}},"17":{"start":{"line":47,"column":1},"end":{"line":47,"column":28}},"18":{"start":{"line":48,"column":1},"end":{"line":48,"column":16}},"19":{"start":{"line":49,"column":1},"end":{"line":51,"column":2}},"20":{"start":{"line":50,"column":3},"end":{"line":50,"column":85}},"21":{"start":{"line":53,"column":1},"end":{"line":53,"column":28}},"22":{"start":{"line":60,"column":0},"end":{"line":75,"column":2}},"23":{"start":{"line":61,"column":1},"end":{"line":61,"column":39}},"24":{"start":{"line":62,"column":1},"end":{"line":62,"column":20}},"25":{"start":{"line":63,"column":1},"end":{"line":65,"column":2}},"26":{"start":{"line":64,"column":2},"end":{"line":64,"column":49}},"27":{"start":{"line":66,"column":1},"end":{"line":66,"column":22}},"28":{"start":{"line":67,"column":1},"end":{"line":69,"column":2}},"29":{"start":{"line":68,"column":2},"end":{"line":68,"column":43}},"30":{"start":{"line":70,"column":1},"end":{"line":70,"column":23}},"31":{"start":{"line":71,"column":1},"end":{"line":73,"column":2}},"32":{"start":{"line":72,"column":2},"end":{"line":72,"column":50}},"33":{"start":{"line":74,"column":1},"end":{"line":74,"column":22}},"34":{"start":{"line":80,"column":0},"end":{"line":108,"column":2}},"35":{"start":{"line":82,"column":1},"end":{"line":84,"column":2}},"36":{"start":{"line":83,"column":2},"end":{"line":83,"column":24}},"37":{"start":{"line":86,"column":1},"end":{"line":86,"column":22}},"38":{"start":{"line":87,"column":1},"end":{"line":87,"column":31}},"39":{"start":{"line":88,"column":1},"end":{"line":88,"column":24}},"40":{"start":{"line":91,"column":1},"end":{"line":93,"column":2}},"41":{"start":{"line":92,"column":2},"end":{"line":92,"column":37}},"42":{"start":{"line":95,"column":1},"end":{"line":97,"column":2}},"43":{"start":{"line":96,"column":2},"end":{"line":96,"column":49}},"44":{"start":{"line":99,"column":1},"end":{"line":101,"column":2}},"45":{"start":{"line":100,"column":2},"end":{"line":100,"column":64}},"46":{"start":{"line":102,"column":1},"end":{"line":104,"column":2}},"47":{"start":{"line":103,"column":2},"end":{"line":103,"column":64}},"48":{"start":{"line":106,"column":1},"end":{"line":106,"column":22}},"49":{"start":{"line":114,"column":0},"end":{"line":122,"column":1}},"50":{"start":{"line":115,"column":1},"end":{"line":115,"column":35}},"51":{"start":{"line":116,"column":1},"end":{"line":116,"column":28}},"52":{"start":{"line":117,"column":1},"end":{"line":117,"column":24}},"53":{"start":{"line":118,"column":1},"end":{"line":120,"column":2}},"54":{"start":{"line":119,"column":3},"end":{"line":119,"column":99}},"55":{"start":{"line":121,"column":1},"end":{"line":121,"column":22}},"56":{"start":{"line":128,"column":0},"end":{"line":132,"column":2}},"57":{"start":{"line":130,"column":1},"end":{"line":130,"column":29}},"58":{"start":{"line":131,"column":1},"end":{"line":131,"column":42}},"59":{"start":{"line":139,"column":0},"end":{"line":163,"column":1}},"60":{"start":{"line":140,"column":1},"end":{"line":140,"column":32}},"61":{"start":{"line":141,"column":1},"end":{"line":141,"column":18}},"62":{"start":{"line":143,"column":1},"end":{"line":161,"column":2}},"63":{"start":{"line":144,"column":2},"end":{"line":144,"column":30}},"64":{"start":{"line":146,"column":2},"end":{"line":160,"column":3}},"65":{"start":{"line":148,"column":4},"end":{"line":148,"column":20}},"66":{"start":{"line":149,"column":4},"end":{"line":149,"column":35}},"67":{"start":{"line":151,"column":4},"end":{"line":151,"column":39}},"68":{"start":{"line":152,"column":4},"end":{"line":152,"column":39}},"69":{"start":{"line":153,"column":4},"end":{"line":153,"column":10}},"70":{"start":{"line":155,"column":4},"end":{"line":155,"column":18}},"71":{"start":{"line":156,"column":4},"end":{"line":156,"column":35}},"72":{"start":{"line":158,"column":4},"end":{"line":158,"column":39}},"73":{"start":{"line":159,"column":4},"end":{"line":159,"column":10}},"74":{"start":{"line":162,"column":1},"end":{"line":162,"column":16}},"75":{"start":{"line":169,"column":0},"end":{"line":192,"column":1}},"76":{"start":{"line":170,"column":1},"end":{"line":170,"column":23}},"77":{"start":{"line":171,"column":1},"end":{"line":190,"column":2}},"78":{"start":{"line":172,"column":2},"end":{"line":189,"column":3}},"79":{"start":{"line":174,"column":4},"end":{"line":174,"column":45}},"80":{"start":{"line":175,"column":4},"end":{"line":175,"column":46}},"81":{"start":{"line":176,"column":4},"end":{"line":176,"column":10}},"82":{"start":{"line":178,"column":4},"end":{"line":178,"column":53}},"83":{"start":{"line":179,"column":4},"end":{"line":179,"column":50}},"84":{"start":{"line":180,"column":4},"end":{"line":180,"column":46}},"85":{"start":{"line":181,"column":4},"end":{"line":181,"column":53}},"86":{"start":{"line":182,"column":4},"end":{"line":182,"column":53}},"87":{"start":{"line":183,"column":4},"end":{"line":183,"column":48}},"88":{"start":{"line":184,"column":4},"end":{"line":184,"column":10}},"89":{"start":{"line":186,"column":4},"end":{"line":186,"column":46}},"90":{"start":{"line":187,"column":4},"end":{"line":187,"column":47}},"91":{"start":{"line":188,"column":4},"end":{"line":188,"column":10}},"92":{"start":{"line":191,"column":1},"end":{"line":191,"column":21}},"93":{"start":{"line":199,"column":0},"end":{"line":221,"column":1}},"94":{"start":{"line":200,"column":1},"end":{"line":200,"column":22}},"95":{"start":{"line":201,"column":1},"end":{"line":219,"column":2}},"96":{"start":{"line":202,"column":2},"end":{"line":218,"column":3}},"97":{"start":{"line":204,"column":4},"end":{"line":204,"column":64}},"98":{"start":{"line":205,"column":4},"end":{"line":205,"column":72}},"99":{"start":{"line":206,"column":4},"end":{"line":206,"column":54}},"100":{"start":{"line":207,"column":4},"end":{"line":207,"column":10}},"101":{"start":{"line":209,"column":4},"end":{"line":209,"column":72}},"102":{"start":{"line":210,"column":4},"end":{"line":210,"column":73}},"103":{"start":{"line":211,"column":4},"end":{"line":211,"column":54}},"104":{"start":{"line":212,"column":4},"end":{"line":212,"column":10}},"105":{"start":{"line":214,"column":4},"end":{"line":214,"column":74}},"106":{"start":{"line":215,"column":4},"end":{"line":215,"column":70}},"107":{"start":{"line":216,"column":4},"end":{"line":216,"column":56}},"108":{"start":{"line":217,"column":4},"end":{"line":217,"column":10}},"109":{"start":{"line":220,"column":1},"end":{"line":220,"column":20}},"110":{"start":{"line":226,"column":0},"end":{"line":229,"column":1}},"111":{"start":{"line":227,"column":1},"end":{"line":227,"column":37}},"112":{"start":{"line":227,"column":26},"end":{"line":227,"column":37}},"113":{"start":{"line":228,"column":1},"end":{"line":228,"column":56}},"114":{"start":{"line":234,"column":0},"end":{"line":248,"column":1}},"115":{"start":{"line":235,"column":1},"end":{"line":235,"column":25}},"116":{"start":{"line":236,"column":1},"end":{"line":236,"column":17}},"117":{"start":{"line":237,"column":1},"end":{"line":237,"column":22}},"118":{"start":{"line":238,"column":1},"end":{"line":246,"column":2}},"119":{"start":{"line":239,"column":2},"end":{"line":245,"column":3}},"120":{"start":{"line":240,"column":3},"end":{"line":240,"column":47}},"121":{"start":{"line":241,"column":3},"end":{"line":241,"column":20}},"122":{"start":{"line":242,"column":3},"end":{"line":244,"column":4}},"123":{"start":{"line":243,"column":4},"end":{"line":243,"column":46}},"124":{"start":{"line":247,"column":1},"end":{"line":247,"column":15}},"125":{"start":{"line":250,"column":0},"end":{"line":253,"column":1}},"126":{"start":{"line":251,"column":1},"end":{"line":251,"column":38}},"127":{"start":{"line":252,"column":1},"end":{"line":252,"column":12}}},"branchMap":{"1":{"line":30,"type":"switch","locations":[{"start":{"line":31,"column":2},"end":{"line":33,"column":9}},{"start":{"line":34,"column":2},"end":{"line":35,"column":9}}]},"2":{"line":82,"type":"if","locations":[{"start":{"line":82,"column":1},"end":{"line":82,"column":1}},{"start":{"line":82,"column":1},"end":{"line":82,"column":1}}]},"3":{"line":99,"type":"if","locations":[{"start":{"line":99,"column":1},"end":{"line":99,"column":1}},{"start":{"line":99,"column":1},"end":{"line":99,"column":1}}]},"4":{"line":102,"type":"if","locations":[{"start":{"line":102,"column":1},"end":{"line":102,"column":1}},{"start":{"line":102,"column":1},"end":{"line":102,"column":1}}]},"5":{"line":143,"type":"if","locations":[{"start":{"line":143,"column":1},"end":{"line":143,"column":1}},{"start":{"line":143,"column":1},"end":{"line":143,"column":1}}]},"6":{"line":146,"type":"switch","locations":[{"start":{"line":147,"column":3},"end":{"line":153,"column":10}},{"start":{"line":154,"column":3},"end":{"line":159,"column":10}}]},"7":{"line":172,"type":"switch","locations":[{"start":{"line":173,"column":3},"end":{"line":176,"column":10}},{"start":{"line":177,"column":3},"end":{"line":184,"column":10}},{"start":{"line":185,"column":3},"end":{"line":188,"column":10}}]},"8":{"line":202,"type":"switch","locations":[{"start":{"line":203,"column":3},"end":{"line":207,"column":10}},{"start":{"line":208,"column":3},"end":{"line":212,"column":10}},{"start":{"line":213,"column":3},"end":{"line":217,"column":10}}]},"9":{"line":227,"type":"if","locations":[{"start":{"line":227,"column":1},"end":{"line":227,"column":1}},{"start":{"line":227,"column":1},"end":{"line":227,"column":1}}]},"10":{"line":239,"type":"if","locations":[{"start":{"line":239,"column":2},"end":{"line":239,"column":2}},{"start":{"line":239,"column":2},"end":{"line":239,"column":2}}]},"11":{"line":239,"type":"binary-expr","locations":[{"start":{"line":239,"column":6},"end":{"line":239,"column":16}},{"start":{"line":239,"column":20},"end":{"line":239,"column":26}}]},"12":{"line":242,"type":"if","locations":[{"start":{"line":242,"column":3},"end":{"line":242,"column":3}},{"start":{"line":242,"column":3},"end":{"line":242,"column":3}}]}}}}