TN:
SF:/Users/vfernandes/Desktop/untitled folder/base64/base64.js
FN:15,(anonymous_1)
FN:45,(anonymous_2)
FN:60,(anonymous_3)
FN:80,(anonymous_4)
FN:114,(anonymous_5)
FN:128,(anonymous_6)
FN:139,encodingSystem
FN:169,encodingBlock
FN:199,decodingBlock
FN:226,setCharAt
FN:234,convertToMIME
FN:250,decodeMIME
FNF:12
FNH:10
FNDA:26,(anonymous_1)
FNDA:8,(anonymous_2)
FNDA:0,(anonymous_3)
FNDA:28,(anonymous_4)
FNDA:7,(anonymous_5)
FNDA:0,(anonymous_6)
FNDA:1415,encodingSystem
FNDA:1415,encodingBlock
FNDA:1595,decodingBlock
FNDA:27,setCharAt
FNDA:1,convertToMIME
FNDA:1,decodeMIME
DA:8,1
DA:10,1
DA:15,1
DA:18,26
DA:20,26
DA:21,26
DA:22,1415
DA:25,26
DA:26,1415
DA:30,26
DA:32,1
DA:33,1
DA:35,25
DA:38,26
DA:45,1
DA:46,8
DA:47,8
DA:48,8
DA:49,8
DA:50,1651
DA:53,8
DA:60,1
DA:61,0
DA:62,0
DA:63,0
DA:64,0
DA:66,0
DA:67,0
DA:68,0
DA:70,0
DA:71,0
DA:72,0
DA:74,0
DA:80,1
DA:82,28
DA:83,1
DA:86,28
DA:87,28
DA:88,28
DA:91,28
DA:92,1595
DA:95,28
DA:96,1595
DA:99,28
DA:100,23
DA:102,28
DA:103,6
DA:106,28
DA:114,1
DA:115,7
DA:116,7
DA:117,7
DA:118,7
DA:119,1382
DA:121,7
DA:128,1
DA:130,0
DA:131,0
DA:139,1
DA:140,1415
DA:141,1415
DA:143,1415
DA:144,1394
DA:146,21
DA:148,6
DA:149,6
DA:151,6
DA:152,6
DA:153,6
DA:155,15
DA:156,15
DA:158,15
DA:159,15
DA:162,21
DA:169,1
DA:170,1415
DA:171,1415
DA:172,4245
DA:174,1415
DA:175,1415
DA:176,1415
DA:178,1415
DA:179,1415
DA:180,1415
DA:181,1415
DA:182,1415
DA:183,1415
DA:184,1415
DA:186,1415
DA:187,1415
DA:188,1415
DA:191,1415
DA:199,1
DA:200,1595
DA:201,1595
DA:202,6380
DA:204,1595
DA:205,1595
DA:206,1595
DA:207,1595
DA:209,1595
DA:210,1595
DA:211,1595
DA:212,1595
DA:214,1595
DA:215,1595
DA:216,1595
DA:217,1595
DA:220,1595
DA:226,1
DA:227,27
DA:228,27
DA:234,1
DA:235,1
DA:236,1
DA:237,1
DA:238,1
DA:239,360
DA:240,4
DA:241,4
DA:242,4
DA:243,1
DA:247,1
DA:250,1
DA:251,1
DA:252,1
LF:126
LH:113
BRDA:30,1,0,1
BRDA:30,1,1,25
BRDA:82,2,0,1
BRDA:82,2,1,27
BRDA:99,3,0,23
BRDA:99,3,1,5
BRDA:102,4,0,6
BRDA:102,4,1,22
BRDA:143,5,0,1394
BRDA:143,5,1,21
BRDA:146,6,0,6
BRDA:146,6,1,15
BRDA:172,7,0,1415
BRDA:172,7,1,1415
BRDA:172,7,2,1415
BRDA:202,8,0,1595
BRDA:202,8,1,1595
BRDA:202,8,2,1595
BRDA:227,9,0,0
BRDA:227,9,1,27
BRDA:239,10,0,4
BRDA:239,10,1,356
BRDA:239,11,0,360
BRDA:239,11,1,5
BRDA:242,12,0,1
BRDA:242,12,1,3
BRF:26
BRH:25
end_of_record
